2019-10-04 11:50:35,588  INFO [main] LogReport:23 - Chrome browser started...
2019-10-04 11:51:23,975  INFO [main] LogReport:23 - Chrome browser started...
2019-10-04 11:51:30,062  INFO [main] LogReport:23 - Application is open...
2019-10-04 11:52:33,738  INFO [main] LogReport:23 - Chrome browser started...
2019-10-04 11:52:40,232  INFO [main] LogReport:23 - Application is open...
2019-10-04 11:55:51,197  INFO [main] LogReport:23 - Chrome browser started...
2019-10-04 11:55:57,633  INFO [main] LogReport:23 - Application is open...
2019-10-04 11:58:44,426  INFO [main] LogReport:23 - Chrome browser started...
2019-10-04 11:58:51,574  INFO [main] LogReport:23 - Application is open...
2019-10-04 11:59:38,788  INFO [main] LogReport:23 - Chrome browser started...
2019-10-04 11:59:47,639  INFO [main] LogReport:23 - Application is open...
2019-10-04 11:59:51,302  INFO [main] LogReport:23 - Item is clicked...
2019-10-04 12:08:38,816  INFO [main] LogReport:23 - Chrome browser started...
2019-10-04 12:08:45,952  INFO [main] LogReport:23 - Application is open...
2019-10-04 12:08:49,876  INFO [main] LogReport:23 - Item is clicked...
2019-10-04 12:15:53,284  INFO [main] LogReport:23 - Chrome browser started...
2019-10-04 12:15:59,370  INFO [main] LogReport:23 - Application is open...
2019-10-04 12:16:03,009  INFO [main] LogReport:23 - Item is clicked...
2019-10-04 12:18:59,001  INFO [main] LogReport:23 - Chrome browser started...
2019-10-04 12:19:05,043  INFO [main] LogReport:23 - Application is open...
2019-10-04 12:19:09,578  INFO [main] LogReport:23 - Item is clicked...
2019-10-04 12:21:09,365  INFO [main] LogReport:23 - Chrome browser started...
2019-10-04 12:21:15,236  INFO [main] LogReport:23 - Application is open...
2019-10-04 12:21:18,876  INFO [main] LogReport:23 - Item is clicked...
2019-10-04 12:21:33,641  INFO [main] LogReport:23 - Chrome browser started...
2019-10-04 12:21:40,861  INFO [main] LogReport:23 - Application is open...
2019-10-04 12:21:45,060  INFO [main] LogReport:23 - Item is clicked...
2019-10-04 12:23:24,811  INFO [main] LogReport:23 - Chrome browser started...
2019-10-04 12:23:30,655  INFO [main] LogReport:23 - Application is open...
2019-10-04 12:23:33,784  INFO [main] LogReport:23 - Item is clicked...
2019-10-04 12:24:36,789  INFO [main] LogReport:23 - Chrome browser started...
2019-10-04 12:24:50,045  INFO [main] LogReport:23 - Application is open...
2019-10-04 12:24:54,667  INFO [main] LogReport:23 - Item is clicked...
2019-10-04 12:25:02,921  INFO [main] LogReport:23 - Chrome browser started...
2019-10-04 12:25:09,494  INFO [main] LogReport:23 - Application is open...
2019-10-04 12:25:13,139  INFO [main] LogReport:23 - Item is clicked...
2019-10-04 12:27:14,194  INFO [main] LogReport:23 - Chrome browser started...
2019-10-04 12:27:21,212  INFO [main] LogReport:23 - Application is open...
2019-10-04 12:27:25,723  INFO [main] LogReport:23 - Item is clicked...
2019-10-04 12:27:36,421  INFO [main] LogReport:23 - Chrome browser started...
2019-10-04 12:27:44,712  INFO [main] LogReport:23 - Application is open...
2019-10-04 12:27:48,366  INFO [main] LogReport:23 - Item is clicked...
2019-10-04 12:33:16,125  INFO [main] LogReport:23 - Chrome browser started...
2019-10-04 12:33:23,503  INFO [main] LogReport:23 - Application is open...
2019-10-04 12:33:27,886  INFO [main] LogReport:23 - Item is clicked...
2019-10-04 12:36:29,637  INFO [main] LogReport:23 - Chrome browser started...
2019-10-04 12:36:35,696  INFO [main] LogReport:23 - Application is open...
2019-10-04 12:36:40,009  INFO [main] LogReport:23 - Item is clicked...
2019-10-04 12:38:22,719  INFO [main] LogReport:23 - Chrome browser started...
2019-10-04 12:38:34,316  INFO [main] LogReport:23 - Application is open...
2019-10-04 12:38:38,648  INFO [main] LogReport:23 - Item is clicked...
2019-10-04 13:01:18,749  INFO [main] LogReport:23 - Chrome browser started...
2019-10-04 13:01:25,218  INFO [main] LogReport:23 - Application is open...
2019-10-04 13:17:48,133  INFO [main] LogReport:23 - Chrome browser started...
2019-10-04 13:17:54,859  INFO [main] LogReport:23 - Application is open...
2019-10-04 13:17:59,398  INFO [main] LogReport:23 - Successfully validated title
2019-10-04 13:17:59,399  INFO [main] LogReport:23 - Item is clicked...
2019-10-04 13:18:02,042  INFO [main] LogReport:23 - Successfully validated title
2019-10-04 13:18:04,358  INFO [main] LogReport:23 - Successfully validated title
2019-10-04 13:25:57,563  INFO [main] LogReport:23 - Chrome browser started...
2019-10-04 13:26:03,763  INFO [main] LogReport:23 - Application is open...
2019-10-04 14:16:39,273  INFO [main] LogReport:23 - Chrome browser started...
2019-10-04 14:16:51,986  INFO [main] LogReport:23 - Application is open...
2019-10-04 14:18:36,790  INFO [main] LogReport:23 - Chrome browser started...
2019-10-04 14:18:43,378  INFO [main] LogReport:23 - Application is open...
2019-10-04 14:19:15,314  INFO [main] LogReport:23 - Chrome browser started...
2019-10-04 14:19:21,403  INFO [main] LogReport:23 - Application is open...
2019-10-04 14:38:30,218  INFO [main] LogReport:23 - Chrome browser started...
2019-10-04 14:38:36,131  INFO [main] LogReport:23 - Application is open...
2019-10-04 14:39:23,282  INFO [main] LogReport:23 - Chrome browser started...
2019-10-04 14:39:29,072  INFO [main] LogReport:23 - Application is open...
2019-10-04 14:42:39,696  INFO [main] LogReport:23 - Chrome browser started...
2019-10-04 14:42:46,092  INFO [main] LogReport:23 - Application is open...
2019-10-04 14:43:07,288  INFO [main] LogReport:23 - Chrome browser started...
2019-10-04 14:43:13,185  INFO [main] LogReport:23 - Application is open...
2019-10-04 14:52:31,498  INFO [main] LogReport:23 - Chrome browser started...
2019-10-04 14:52:37,519  INFO [main] LogReport:23 - Application is open...
2019-10-04 14:52:38,685  INFO [main] LogReport:23 - Successfully validated title
2019-10-04 14:55:03,232  INFO [main] LogReport:23 - Chrome browser started...
2019-10-04 14:55:09,465  INFO [main] LogReport:23 - Application is open...
2019-10-04 14:55:10,697  INFO [main] LogReport:23 - Successfully validated title
2019-10-04 14:58:33,831  INFO [main] LogReport:23 - Chrome browser started...
2019-10-04 14:58:40,000  INFO [main] LogReport:23 - Application is open...
2019-10-04 14:58:41,217  INFO [main] LogReport:23 - Successfully validated title
2019-10-04 14:58:41,218  INFO [main] LogReport:23 - Successfully validated title
2019-10-04 15:09:48,603  INFO [main] LogReport:23 - Chrome browser started...
2019-10-04 15:09:54,851  INFO [main] LogReport:23 - Application is open...
2019-10-04 15:09:56,059  INFO [main] LogReport:23 - Successfully validated title
2019-10-04 15:09:56,060  INFO [main] LogReport:23 - Successfully validated title
2019-10-04 15:10:33,484  INFO [main] LogReport:23 - Chrome browser started...
2019-10-04 15:10:40,065  INFO [main] LogReport:23 - Application is open...
2019-10-04 15:10:41,272  INFO [main] LogReport:23 - Successfully validated title
2019-10-04 15:10:41,273  INFO [main] LogReport:23 - Successfully validated title
2019-10-04 15:10:43,385  INFO [main] LogReport:23 - Successfully validated title
2019-10-04 15:10:43,386  INFO [main] LogReport:23 - Successfully validated title
2019-10-04 15:13:25,993  INFO [main] LogReport:23 - Chrome browser started...
2019-10-04 15:13:32,601  INFO [main] LogReport:23 - Application is open...
2019-10-04 15:13:33,838  INFO [main] LogReport:23 - Successfully validated title
2019-10-04 15:13:33,838  INFO [main] LogReport:23 - Successfully validated title
2019-10-04 15:13:36,560  INFO [main] LogReport:23 - Successfully validated title
2019-10-04 15:13:36,561  INFO [main] LogReport:23 - Successfully validated title
2019-10-04 15:19:01,945  INFO [main] LogReport:23 - Chrome browser started...
2019-10-04 15:19:08,846  INFO [main] LogReport:23 - Application is open...
2019-10-04 15:19:10,230  INFO [main] LogReport:23 - Successfully validated title
2019-10-04 15:19:10,231  INFO [main] LogReport:23 - Successfully validated title
2019-10-04 15:19:12,390  INFO [main] LogReport:23 - Successfully validated title
2019-10-04 15:19:12,390  INFO [main] LogReport:23 - Successfully validated title
2019-10-04 15:19:53,440  INFO [main] LogReport:23 - Chrome browser started...
2019-10-04 15:20:00,125  INFO [main] LogReport:23 - Application is open...
2019-10-04 15:20:03,863  INFO [main] LogReport:23 - Successfully validated title
2019-10-04 15:20:03,864  INFO [main] LogReport:23 - Item is clicked...
2019-10-04 15:20:08,215  INFO [main] LogReport:23 - Successfully validated title
2019-10-04 15:20:10,279  INFO [main] LogReport:23 - Successfully validated title
2019-10-04 15:22:04,068  INFO [main] LogReport:23 - Chrome browser started...
2019-10-04 15:22:10,181  INFO [main] LogReport:23 - Application is open...
2019-10-04 15:22:11,248  INFO [main] LogReport:23 - Successfully validated title
2019-10-04 15:22:11,249  INFO [main] LogReport:23 - Successfully validated title
2019-10-04 15:22:13,571  INFO [main] LogReport:23 - Successfully validated title
2019-10-04 15:22:13,571  INFO [main] LogReport:23 - Successfully validated title
2019-10-04 15:22:16,442  INFO [main] LogReport:23 - Chrome browser started...
2019-10-04 15:22:22,747  INFO [main] LogReport:23 - Application is open...
2019-10-04 15:22:27,021  INFO [main] LogReport:23 - Successfully validated title
2019-10-04 15:22:27,022  INFO [main] LogReport:23 - Item is clicked...
2019-10-04 15:22:29,666  INFO [main] LogReport:23 - Successfully validated title
2019-10-04 15:22:31,492  INFO [main] LogReport:23 - Successfully validated title
2019-10-04 15:23:57,168  INFO [main] LogReport:23 - Chrome browser started...
2019-10-04 15:24:03,398  INFO [main] LogReport:23 - Application is open...
2019-10-04 15:24:04,576  INFO [main] LogReport:23 - Successfully validated title
2019-10-04 15:24:04,577  INFO [main] LogReport:23 - Successfully validated title
2019-10-04 15:24:06,679  INFO [main] LogReport:23 - Successfully validated title
2019-10-04 15:24:06,680  INFO [main] LogReport:23 - Successfully validated title
2019-10-04 15:24:09,368  INFO [main] LogReport:23 - Chrome browser started...
2019-10-04 15:24:15,411  INFO [main] LogReport:23 - Application is open...
2019-10-04 15:24:20,750  INFO [main] LogReport:23 - Successfully validated title
2019-10-04 15:24:20,751  INFO [main] LogReport:23 - Item is clicked...
2019-10-04 15:24:23,036  INFO [main] LogReport:23 - Successfully validated title
2019-10-04 15:24:25,574  INFO [main] LogReport:23 - Successfully validated title
2019-10-04 15:34:17,249  INFO [main] LogReport:23 - Chrome browser started...
2019-10-04 15:34:23,233  INFO [main] LogReport:23 - Application is open...
2019-10-04 15:34:24,414  INFO [main] LogReport:23 - Successfully validated title
2019-10-04 15:34:24,414  INFO [main] LogReport:23 - Successfully validated title
2019-10-04 15:34:26,695  INFO [main] LogReport:23 - Successfully validated title
2019-10-04 15:34:26,696  INFO [main] LogReport:23 - Successfully validated title
2019-10-04 15:35:50,755  INFO [main] LogReport:23 - Chrome browser started...
2019-10-04 15:35:56,436  INFO [main] LogReport:23 - Application is open...
2019-10-04 15:35:57,622  INFO [main] LogReport:23 - Successfully validated title
2019-10-04 15:35:59,655  INFO [main] LogReport:23 - Successfully validated title
2019-10-04 15:36:51,191  INFO [main] LogReport:23 - Chrome browser started...
2019-10-04 15:36:56,915  INFO [main] LogReport:23 - Application is open...
2019-10-04 15:36:58,262  INFO [main] LogReport:23 - Successfully validated title
2019-10-04 15:36:58,263  INFO [main] LogReport:23 - Successfully validated title
2019-10-04 15:37:00,496  INFO [main] LogReport:23 - Successfully validated title
2019-10-04 15:37:00,496  INFO [main] LogReport:23 - Successfully validated title
2019-10-04 15:43:09,619  INFO [main] LogReport:23 - Chrome browser started...
2019-10-04 15:43:24,688  INFO [main] LogReport:23 - Application is open...
2019-10-04 15:43:26,063  INFO [main] LogReport:23 - Successfully validated title
2019-10-04 15:43:26,064  INFO [main] LogReport:23 - Successfully validated title
2019-10-04 15:43:27,964  INFO [main] LogReport:23 - Successfully validated title
2019-10-04 15:43:27,964  INFO [main] LogReport:23 - Successfully validated title
2019-10-04 15:44:02,059  INFO [main] LogReport:23 - Chrome browser started...
2019-10-04 15:44:07,987  INFO [main] LogReport:23 - Application is open...
2019-10-04 15:44:09,200  INFO [main] LogReport:23 - Successfully validated title
2019-10-04 15:44:09,200  INFO [main] LogReport:23 - Successfully validated title
2019-10-04 15:47:48,208  INFO [main] LogReport:23 - Chrome browser started...
2019-10-04 15:47:54,208  INFO [main] LogReport:23 - Application is open...
2019-10-04 15:49:36,251  INFO [main] LogReport:23 - Chrome browser started...
2019-10-04 15:49:41,937  INFO [main] LogReport:23 - Application is open...
2019-10-04 15:50:02,154  INFO [main] LogReport:23 - Chrome browser started...
2019-10-04 15:50:08,094  INFO [main] LogReport:23 - Application is open...
2019-10-04 15:50:09,462  INFO [main] LogReport:23 - Successfully validated title
2019-10-04 15:50:09,462  INFO [main] LogReport:23 - Successfully validated title
2019-10-04 16:08:50,706  INFO [main] LogReport:23 - Chrome browser started...
2019-10-04 16:08:56,924  INFO [main] LogReport:23 - Application is open...
2019-10-04 16:09:00,744  INFO [main] LogReport:23 - Successfully validated title
2019-10-04 16:09:00,745  INFO [main] LogReport:23 - Item is clicked...
2019-10-04 16:09:03,288  INFO [main] LogReport:23 - Successfully validated title
2019-10-04 16:09:05,318  INFO [main] LogReport:23 - Successfully validated title
2019-10-04 16:10:44,730  INFO [main] LogReport:23 - Chrome browser started...
2019-10-04 16:10:51,872  INFO [main] LogReport:23 - Application is open...
2019-10-04 16:10:59,925  INFO [main] LogReport:23 - Successfully validated title
2019-10-04 16:10:59,926  INFO [main] LogReport:23 - Item is clicked...
2019-10-04 16:11:02,547  INFO [main] LogReport:23 - Successfully validated title
2019-10-04 16:11:05,437  INFO [main] LogReport:23 - Successfully validated title
2019-10-04 16:11:31,194  INFO [main] LogReport:23 - Chrome browser started...
2019-10-04 16:11:37,954  INFO [main] LogReport:23 - Application is open...
2019-10-04 16:11:42,168  INFO [main] LogReport:23 - Successfully validated title
2019-10-04 16:11:42,168  INFO [main] LogReport:23 - Item is clicked...
2019-10-04 16:11:54,085  INFO [main] LogReport:23 - Successfully validated title
2019-10-04 16:11:57,295  INFO [main] LogReport:23 - Successfully validated title
2019-10-04 16:13:12,610  INFO [main] LogReport:23 - Chrome browser started...
2019-10-04 16:13:19,980  INFO [main] LogReport:23 - Application is open...
2019-10-04 16:13:31,088  INFO [main] LogReport:23 - Successfully validated title
2019-10-04 16:13:31,089  INFO [main] LogReport:23 - Item is clicked...
2019-10-04 16:13:33,727  INFO [main] LogReport:23 - Successfully validated title
2019-10-04 16:13:36,317  INFO [main] LogReport:23 - Successfully validated title
2019-10-04 16:16:44,032  INFO [main] LogReport:23 - Chrome browser started...
2019-10-04 16:16:50,508  INFO [main] LogReport:23 - Application is open...
2019-10-04 16:16:54,340  INFO [main] LogReport:23 - Successfully validated title
2019-10-04 16:16:54,340  INFO [main] LogReport:23 - Item is clicked...
2019-10-04 16:16:56,918  INFO [main] LogReport:23 - Successfully validated title
2019-10-04 16:16:59,290  INFO [main] LogReport:23 - Successfully validated title
2019-10-04 16:18:40,679  INFO [main] LogReport:23 - Chrome browser started...
2019-10-04 16:18:46,452  INFO [main] LogReport:23 - Application is open...
2019-10-04 16:18:49,448  INFO [main] LogReport:23 - Successfully validated title
2019-10-04 16:18:49,448  INFO [main] LogReport:23 - Item is clicked...
2019-10-04 16:18:51,583  INFO [main] LogReport:23 - Successfully validated title
2019-10-04 16:18:53,135  INFO [main] LogReport:23 - Successfully validated title
2019-10-04 16:20:42,959  INFO [main] LogReport:23 - Chrome browser started...
2019-10-04 16:20:49,674  INFO [main] LogReport:23 - Application is open...
2019-10-04 16:21:01,101  INFO [main] LogReport:23 - Chrome browser started...
2019-10-04 16:21:06,961  INFO [main] LogReport:23 - Application is open...
2019-10-04 16:21:10,747  INFO [main] LogReport:23 - Successfully validated title
2019-10-04 16:21:10,748  INFO [main] LogReport:23 - Item is clicked...
2019-10-04 16:21:14,054  INFO [main] LogReport:23 - Successfully validated title
2019-10-04 16:21:16,126  INFO [main] LogReport:23 - Successfully validated title
2019-10-04 16:42:53,325  INFO [main] LogReport:23 - Chrome browser started...
2019-10-04 16:43:00,468  INFO [main] LogReport:23 - Application is open...
2019-10-04 16:45:34,435  INFO [main] LogReport:23 - Chrome browser started...
2019-10-04 16:45:40,955  INFO [main] LogReport:23 - Application is open...
2019-10-04 16:45:42,274  INFO [main] LogReport:23 - Successfully validated title
2019-10-04 16:45:42,275  INFO [main] LogReport:23 - Successfully validated title
2019-10-04 16:45:59,929  INFO [main] LogReport:23 - Chrome browser started...
2019-10-04 16:46:05,838  INFO [main] LogReport:23 - Application is open...
2019-10-04 16:46:07,242  INFO [main] LogReport:23 - Successfully validated title
2019-10-04 16:46:07,243  INFO [main] LogReport:23 - Successfully validated title
2019-10-04 16:53:22,736  INFO [main] LogReport:23 - Chrome browser started...
2019-10-04 16:53:29,151  INFO [main] LogReport:23 - Application is open...
2019-10-04 16:54:12,594  INFO [main] LogReport:23 - Chrome browser started...
2019-10-04 16:54:18,571  INFO [main] LogReport:23 - Application is open...
2019-10-04 16:54:19,827  INFO [main] LogReport:23 - Successfully validated title
2019-10-04 16:54:19,828  INFO [main] LogReport:23 - Successfully validated title
2019-10-04 17:21:58,870  INFO [main] LogReport:23 - Chrome browser started...
2019-10-04 17:22:04,794  INFO [main] LogReport:23 - Application is open...
2019-10-04 17:22:09,010  INFO [main] LogReport:23 - Successfully validated title
2019-10-04 17:22:09,010  INFO [main] LogReport:23 - Item is clicked...
2019-10-04 17:23:09,706  INFO [main] LogReport:23 - Chrome browser started...
2019-10-04 17:23:15,955  INFO [main] LogReport:23 - Application is open...
2019-10-04 17:23:20,129  INFO [main] LogReport:23 - Successfully validated title
2019-10-04 17:23:20,130  INFO [main] LogReport:23 - Item is clicked...
2019-10-04 17:23:20,227  INFO [main] LogReport:23 - Successfully validated specification
2019-10-04 17:23:20,320  INFO [main] LogReport:23 - Successfully validated product
2019-10-04 17:23:20,440  INFO [main] LogReport:23 - Successfully validated review
2019-10-04 17:23:22,580  INFO [main] LogReport:23 - Successfully validated title
2019-10-04 17:23:24,654  INFO [main] LogReport:23 - Successfully validated title
2019-10-04 17:26:53,750  INFO [main] LogReport:23 - Chrome browser started...
2019-10-04 17:26:59,351  INFO [main] LogReport:23 - Application is open...
2019-10-04 17:27:00,593  INFO [main] LogReport:23 - Successfully validated title
2019-10-04 17:27:00,594  INFO [main] LogReport:23 - Successfully validated title
2019-10-04 17:30:38,840  INFO [main] LogReport:23 - Chrome browser started...
2019-10-04 17:30:45,872  INFO [main] LogReport:23 - Application is open...
2019-10-04 17:30:47,254  INFO [main] LogReport:23 - Successfully validated title
2019-10-04 17:30:47,255  INFO [main] LogReport:23 - Successfully validated title
2019-10-04 17:32:47,036  INFO [main] LogReport:23 - Chrome browser started...
2019-10-04 17:32:56,016  INFO [main] LogReport:23 - Application is open...
2019-10-04 17:32:57,226  INFO [main] LogReport:23 - Successfully validated title
2019-10-04 17:32:57,227  INFO [main] LogReport:23 - Successfully validated title
2019-10-04 17:35:22,372  INFO [main] LogReport:23 - Chrome browser started...
2019-10-04 17:35:28,792  INFO [main] LogReport:23 - Application is open...
2019-10-04 17:35:30,221  INFO [main] LogReport:23 - Successfully validated title
2019-10-04 17:35:31,622  INFO [main] LogReport:23 - Successfully validated title
2019-10-04 17:42:36,035  INFO [main] LogReport:23 - Chrome browser started...
2019-10-04 17:42:41,754  INFO [main] LogReport:23 - Application is open...
2019-10-04 17:42:42,980  INFO [main] LogReport:23 - Successfully validated title
2019-10-04 17:42:44,208  INFO [main] LogReport:23 - Successfully validated title
2019-10-04 17:52:27,685  INFO [main] LogReport:23 - Chrome browser started...
2019-10-04 17:52:34,045  INFO [main] LogReport:23 - Application is open...
2019-10-04 17:53:15,301  INFO [main] LogReport:23 - Chrome browser started...
2019-10-04 17:53:21,288  INFO [main] LogReport:23 - Application is open...
2019-10-04 17:54:12,124  INFO [main] LogReport:23 - Chrome browser started...
2019-10-04 17:54:18,161  INFO [main] LogReport:23 - Application is open...
2019-10-04 17:55:11,848  INFO [main] LogReport:23 - Chrome browser started...
2019-10-04 17:55:18,315  INFO [main] LogReport:23 - Application is open...
2019-10-04 17:55:47,383  INFO [main] LogReport:23 - Chrome browser started...
2019-10-04 17:55:53,446  INFO [main] LogReport:23 - Application is open...
2019-10-04 17:57:07,675  INFO [main] LogReport:23 - Chrome browser started...
2019-10-04 17:57:14,397  INFO [main] LogReport:23 - Application is open...
2019-10-04 17:57:18,713  INFO [main] LogReport:23 - Item is clicked...
2019-10-04 17:59:12,493  INFO [main] LogReport:23 - Chrome browser started...
2019-10-04 17:59:20,754  INFO [main] LogReport:23 - Application is open...
2019-10-04 18:00:12,068  INFO [main] LogReport:23 - Chrome browser started...
2019-10-04 18:00:17,960  INFO [main] LogReport:23 - Application is open...
2019-10-04 18:00:26,796  INFO [main] LogReport:23 - Item is clicked...
2019-10-04 18:09:31,059  INFO [main] LogReport:23 - Chrome browser started...
2019-10-04 18:09:39,681  INFO [main] LogReport:23 - Application is open...
2019-10-04 18:11:07,572  INFO [main] LogReport:23 - Chrome browser started...
2019-10-04 18:11:14,041  INFO [main] LogReport:23 - Application is open...
2019-10-04 18:13:17,886  INFO [main] LogReport:23 - Chrome browser started...
2019-10-04 18:13:24,324  INFO [main] LogReport:23 - Application is open...
2019-10-04 18:14:57,329  INFO [main] LogReport:23 - Chrome browser started...
2019-10-04 18:15:03,602  INFO [main] LogReport:23 - Application is open...
2019-10-04 18:16:56,559  INFO [main] LogReport:23 - Chrome browser started...
2019-10-04 18:17:02,551  INFO [main] LogReport:23 - Application is open...
2019-10-04 18:17:07,483  INFO [main] LogReport:23 - Item is clicked...
2019-10-04 18:18:15,768  INFO [main] LogReport:23 - Chrome browser started...
2019-10-04 18:18:21,775  INFO [main] LogReport:23 - Application is open...
2019-10-04 18:18:26,251  INFO [main] LogReport:23 - Successfully validated title
2019-10-04 18:18:26,252  INFO [main] LogReport:23 - Item is clicked...
2019-10-04 18:18:26,354  INFO [main] LogReport:23 - Successfully validated specification
2019-10-04 18:18:26,451  INFO [main] LogReport:23 - Successfully validated product
2019-10-04 18:18:26,561  INFO [main] LogReport:23 - Successfully validated review
2019-10-04 18:18:28,559  INFO [main] LogReport:23 - Successfully validated title
2019-10-04 18:18:30,201  INFO [main] LogReport:23 - Successfully validated title
2019-10-04 18:23:37,837  INFO [main] LogReport:23 - Chrome browser started...
2019-10-04 18:23:44,021  INFO [main] LogReport:23 - Application is open...
2019-10-04 18:23:49,193  INFO [main] LogReport:23 - Successfully validated title
2019-10-04 18:23:49,194  INFO [main] LogReport:23 - Item is clicked...
2019-10-04 18:23:49,322  INFO [main] LogReport:23 - Successfully validated specification
2019-10-04 18:23:49,436  INFO [main] LogReport:23 - Successfully validated product
2019-10-04 18:23:49,556  INFO [main] LogReport:23 - Successfully validated review
2019-10-04 18:23:51,898  INFO [main] LogReport:23 - Successfully validated title
2019-10-04 18:23:53,984  INFO [main] LogReport:23 - Successfully validated title
2019-10-04 18:27:30,977  INFO [main] LogReport:23 - IE browser started...
2019-10-04 18:27:40,251  INFO [main] LogReport:23 - IE browser started...
2019-10-04 18:27:46,118  INFO [main] LogReport:23 - Application is open...
2019-10-04 18:28:58,796  INFO [main] LogReport:23 - Successfully validated title
2019-10-04 18:30:16,884  INFO [main] LogReport:23 - Successfully validated title
2019-10-04 18:30:36,404  INFO [main] LogReport:23 - IE browser started...
2019-10-04 18:30:39,174  INFO [main] LogReport:23 - Application is open...
2019-10-04 18:30:44,506  INFO [main] LogReport:23 - Successfully validated title
2019-10-04 18:30:44,506  INFO [main] LogReport:23 - Item is clicked...
2019-10-04 18:30:45,280  INFO [main] LogReport:23 - Successfully validated specification
2019-10-04 18:30:46,141  INFO [main] LogReport:23 - Successfully validated product
2019-10-04 18:30:46,931  INFO [main] LogReport:23 - Successfully validated review
2019-10-04 18:30:49,577  INFO [main] LogReport:23 - Successfully validated title
2019-10-04 18:30:52,042  INFO [main] LogReport:23 - Successfully validated title
2019-10-04 18:43:38,051  INFO [main] LogReport:23 - Firefox browser started...
2019-10-04 18:43:44,975  INFO [main] LogReport:23 - Application is open...
2019-10-04 18:43:46,578  INFO [main] LogReport:23 - Successfully validated title
2019-10-04 18:43:48,089  INFO [main] LogReport:23 - Successfully validated title
2019-10-04 18:44:05,545  INFO [main] LogReport:23 - Firefox browser started...
2019-10-04 18:44:11,118  INFO [main] LogReport:23 - Application is open...
2019-10-04 18:45:30,772  INFO [main] LogReport:23 - Firefox browser started...
2019-10-04 18:45:37,046  INFO [main] LogReport:23 - Application is open...
2019-10-04 18:49:02,828  INFO [main] LogReport:23 - Chrome browser started...
2019-10-04 18:49:09,019  INFO [main] LogReport:23 - Application is open...
2019-10-04 18:49:10,559  INFO [main] LogReport:23 - Successfully validated title
2019-10-04 18:49:11,746  INFO [main] LogReport:23 - Successfully validated title
2019-10-04 19:09:12,008  INFO [main] LogReport:23 - Chrome browser started...
2019-10-04 19:09:18,165  INFO [main] LogReport:23 - Application is open...
2019-10-04 19:12:40,753  INFO [main] LogReport:23 - Chrome browser started...
2019-10-04 19:12:46,751  INFO [main] LogReport:23 - Application is open...
2019-10-04 19:12:50,904  INFO [main] LogReport:23 - Item is clicked...
2019-10-04 19:13:46,866  INFO [main] LogReport:23 - Chrome browser started...
2019-10-04 19:13:54,964  INFO [main] LogReport:23 - Application is open...
2019-10-04 19:14:09,480  INFO [main] LogReport:23 - Chrome browser started...
2019-10-04 19:14:15,498  INFO [main] LogReport:23 - Application is open...
2019-10-04 19:15:08,666  INFO [main] LogReport:23 - Chrome browser started...
2019-10-04 19:15:14,804  INFO [main] LogReport:23 - Application is open...
2019-10-04 19:16:45,009  INFO [main] LogReport:23 - Item is clicked...
2019-10-04 19:18:41,154  INFO [main] LogReport:23 - Chrome browser started...
2019-10-04 19:18:47,533  INFO [main] LogReport:23 - Application is open...
2019-10-04 19:20:56,764  INFO [main] LogReport:23 - Chrome browser started...
2019-10-04 19:21:03,805  INFO [main] LogReport:23 - Application is open...
2019-10-04 19:21:34,929  INFO [main] LogReport:23 - Chrome browser started...
2019-10-04 19:21:42,150  INFO [main] LogReport:23 - Application is open...
2019-10-04 19:21:46,369  INFO [main] LogReport:23 - Item is clicked...
2019-10-04 19:22:38,973  INFO [main] LogReport:23 - Chrome browser started...
2019-10-04 19:22:46,085  INFO [main] LogReport:23 - Application is open...
2019-10-04 19:22:56,846  INFO [main] LogReport:23 - Chrome browser started...
2019-10-04 19:23:03,501  INFO [main] LogReport:23 - Application is open...
2019-10-04 19:23:37,633  INFO [main] LogReport:23 - Chrome browser started...
2019-10-04 19:23:44,825  INFO [main] LogReport:23 - Application is open...
2019-10-04 19:23:48,990  INFO [main] LogReport:23 - Item is clicked...
